<?xml version="1.0" encoding="UTF-8"?>
<!-- Generated by org.testng.reporters.JUnitReportReporter -->
<<<<<<< HEAD
<testsuite hostname="DESKTOP-KUO4ES1" failures="0" tests="11" name="NewTest" time="0.018" errors="0" timestamp="2022-04-10T14:12:31 EDT" skipped="0">
  <testcase classname="NewTest" name="testForEachLoop" time="0.000"/>
  <system-out/>
  <testcase classname="NewTest" name="testTwoIfStatementsWithNoElse" time="0.000"/>
  <system-out/>
  <testcase classname="NewTest" name="canCompareTwoReferenceWithEqualMethod" time="0.008"/>
  <system-out/>
  <testcase classname="NewTest" name="testNestedForLoop" time="0.002"/>
  <system-out/>
  <testcase classname="NewTest" name="testPostIncAndPreDecOperators" time="0.002"/>
  <system-out/>
  <testcase classname="NewTest" name="testANDOperator" time="0.001"/>
  <system-out/>
  <testcase classname="NewTest" name="testOrOperator" time="0.001"/>
  <system-out/>
  <testcase classname="NewTest" name="canCompareTwoValuesWithOperator" time="0.001"/>
  <system-out/>
  <testcase classname="NewTest" name="canTrueChangeIntoFalseWithOperaor" time="0.001"/>
  <system-out/>
  <testcase classname="NewTest" name="testIfElseStatement" time="0.001"/>
  <system-out/>
  <testcase classname="NewTest" name="canCompareTwoReferenceWithOperator" time="0.001"/>
=======
<testsuite hostname="DESKTOP-KUO4ES1" failures="0" tests="11" name="NewTest" time="0.020" errors="0" timestamp="2022-04-10T13:17:48 EDT" skipped="0">
  <testcase classname="NewTest" name="testANDOperator" time="0.001"/>
  <system-out/>
  <testcase classname="NewTest" name="canCompareTwoReferenceWithEqualMethod" time="0.010"/>
  <system-out/>
  <testcase classname="NewTest" name="testPostIncAndPreDecOperators" time="0.001"/>
  <system-out/>
  <testcase classname="NewTest" name="testIfElseStatement" time="0.001"/>
  <system-out/>
  <testcase classname="NewTest" name="testOrOperator" time="0.001"/>
  <system-out/>
  <testcase classname="NewTest" name="canTrueChangeIntoFalseWithOperaor" time="0.001"/>
  <system-out/>
  <testcase classname="NewTest" name="testNestedForLoop" time="0.001"/>
  <system-out/>
  <testcase classname="NewTest" name="canCompareTwoReferenceWithOperator" time="0.001"/>
  <system-out/>
  <testcase classname="NewTest" name="testTwoIfStatementsWithNoElse" time="0.001"/>
  <system-out/>
  <testcase classname="NewTest" name="canCompareTwoValuesWithOperator" time="0.000"/>
  <system-out/>
  <testcase classname="NewTest" name="testForEachLoop" time="0.002"/>
>>>>>>> feature-1-cars
  <system-out/>
</testsuite> <!-- NewTest -->
